Apr-27 11:53:02.154 [main] DEBUG nextflow.cli.Launcher - $> nextflow run /Drives/K/dhole/projects_in_prog/ncov-dehoster/main.nf -profile conda,test --illumina --directory ./files/ --human_ref ../partial_human_ref/partial_hg38_ref.fa.gz
Apr-27 11:53:02.279 [main] INFO  nextflow.cli.CmdRun - N E X T F L O W  ~  version 21.04.0
Apr-27 11:53:02.312 [main] INFO  nextflow.cli.CmdRun - Launching `/Drives/K/dhole/projects_in_prog/ncov-dehoster/main.nf` [suspicious_perlman] - revision: f65e172c9e
Apr-27 11:53:02.325 [main] DEBUG nextflow.config.ConfigBuilder - Found config base: /Drives/K/dhole/projects_in_prog/ncov-dehoster/nextflow.config
Apr-27 11:53:02.328 [main] DEBUG nextflow.config.ConfigBuilder - Parsing config file: /Drives/K/dhole/projects_in_prog/ncov-dehoster/nextflow.config
Apr-27 11:53:02.352 [main] DEBUG nextflow.config.ConfigBuilder - Applying config profile: `conda,test`
Apr-27 11:53:03.220 [main] DEBUG nextflow.config.ConfigBuilder - Available config profiles: [test, conda, nml]
Apr-27 11:53:03.248 [main] DEBUG nextflow.plugin.PluginsFacade - Setting up plugin manager > mode=prod; plugins-dir=/home/CSCScience.ca/dhole/.nextflow/plugins
Apr-27 11:53:03.249 [main] DEBUG nextflow.plugin.PluginsFacade - Plugins default=[]
Apr-27 11:53:03.251 [main] DEBUG nextflow.plugin.PluginsFacade - Plugins local root: .nextflow/plr/empty
Apr-27 11:53:03.261 [main] INFO  org.pf4j.DefaultPluginStatusProvider - Enabled plugins: []
Apr-27 11:53:03.262 [main] INFO  org.pf4j.DefaultPluginStatusProvider - Disabled plugins: []
Apr-27 11:53:03.266 [main] INFO  org.pf4j.DefaultPluginManager - PF4J version 3.4.1 in 'deployment' mode
Apr-27 11:53:03.274 [main] INFO  org.pf4j.AbstractPluginManager - No plugins
Apr-27 11:53:03.317 [main] DEBUG nextflow.Session - Session uuid: c1650ee2-964b-4654-acbc-a14aa7356c26
Apr-27 11:53:03.317 [main] DEBUG nextflow.Session - Run name: suspicious_perlman
Apr-27 11:53:03.317 [main] DEBUG nextflow.Session - Executor pool size: 4
Apr-27 11:53:03.347 [main] DEBUG nextflow.cli.CmdRun - 
  Version: 21.04.0 build 5552
  Created: 02-05-2021 16:22 UTC (11:22 CDT)
  System: Linux 4.15.0-167-generic
  Runtime: Groovy 3.0.7 on OpenJDK 64-Bit Server VM 11.0.9.1-internal+0-adhoc..src
  Encoding: UTF-8 (UTF-8)
  Process: 31043@phac5018125.cscscience.ca [10.10.50.114]
  CPUs: 4 - Mem: 15.5 GB (2.4 GB) - Swap: 2 GB (1.7 GB)
Apr-27 11:53:03.384 [main] DEBUG nextflow.Session - Work-dir: /Drives/W/Projects/covid-19/nml_reads/vdd/darian/resources/test_small_indexes/test-datasets/illumina_fastq/work [nfs]
Apr-27 11:53:03.406 [main] DEBUG nextflow.executor.ExecutorFactory - Extension executors providers=[]
Apr-27 11:53:03.417 [main] DEBUG nextflow.Session - Observer factory: DefaultObserverFactory
Apr-27 11:53:03.641 [main] DEBUG nextflow.Session - Session start invoked
Apr-27 11:53:04.020 [main] DEBUG nextflow.script.ScriptRunner - > Launching execution
Apr-27 11:53:05.012 [main] DEBUG nextflow.Session - Workflow process names [dsl2]: removeHumanReads, generateSimpleSequencingSummary, regenerateFast5s_MM2, regenerateFast5s_NS, combineFastq, indexCompositeReference, grabCompositeIndex, fastqSizeSelection_NS, dehostBamFiles, nanostripper, combineFast5Barcodes, generateMinimap2Index, fastqDemultiplex, fastqSizeSelection_MM2, regenerateFastqFilesFlat, generateDehostedReads, compositeMappingBWA, regenerateFastqFiles, compositeMappingMM2, guppyBasecallerGPU, combineCSVs, guppyBasecallerCPU, generateCompositeReference
Apr-27 11:53:05.143 [main] DEBUG nextflow.script.ProcessConfig - Config settings `withLabel:smallCPU` matches label `smallCPU` for process with name illuminaDehosting:generateCompositeReference
Apr-27 11:53:05.149 [main] DEBUG nextflow.executor.ExecutorFactory - << taskConfig executor: null
Apr-27 11:53:05.149 [main] DEBUG nextflow.executor.ExecutorFactory - >> processorType: 'local'
Apr-27 11:53:05.153 [main] DEBUG nextflow.executor.Executor - [warm up] executor > local
Apr-27 11:53:05.158 [main] DEBUG n.processor.LocalPollingMonitor - Creating local task monitor for executor 'local' > cpus=4; memory=15.5 GB; capacity=4; pollInterval=100ms; dumpInterval=5m
Apr-27 11:53:05.223 [main] DEBUG nextflow.script.ProcessConfig - Config settings `withLabel:indexResources` matches label `indexResources` for process with name illuminaDehosting:indexCompositeReference
Apr-27 11:53:05.224 [main] DEBUG nextflow.executor.ExecutorFactory - << taskConfig executor: null
Apr-27 11:53:05.224 [main] DEBUG nextflow.executor.ExecutorFactory - >> processorType: 'local'
Apr-27 11:53:05.274 [main] DEBUG nextflow.script.ProcessConfig - Config settings `withName:compositeMappingBWA` matches process illuminaDehosting:compositeMappingBWA
Apr-27 11:53:05.275 [main] DEBUG nextflow.executor.ExecutorFactory - << taskConfig executor: null
Apr-27 11:53:05.276 [main] DEBUG nextflow.executor.ExecutorFactory - >> processorType: 'local'
Apr-27 11:53:05.285 [main] DEBUG nextflow.script.ProcessConfig - Config settings `withLabel:smallCPU` matches label `smallCPU` for process with name illuminaDehosting:dehostBamFiles
Apr-27 11:53:05.287 [main] DEBUG nextflow.executor.ExecutorFactory - << taskConfig executor: null
Apr-27 11:53:05.287 [main] DEBUG nextflow.executor.ExecutorFactory - >> processorType: 'local'
Apr-27 11:53:05.291 [main] DEBUG nextflow.script.ProcessConfig - Config settings `withLabel:mediumMem` matches label `mediumMem` for process with name illuminaDehosting:generateDehostedReads
Apr-27 11:53:05.291 [main] DEBUG nextflow.executor.ExecutorFactory - << taskConfig executor: null
Apr-27 11:53:05.291 [main] DEBUG nextflow.executor.ExecutorFactory - >> processorType: 'local'
Apr-27 11:53:05.296 [main] DEBUG nextflow.script.ProcessConfig - Config settings `withLabel:smallCPU` matches label `smallCPU` for process with name illuminaDehosting:combineCSVs
Apr-27 11:53:05.296 [main] DEBUG nextflow.executor.ExecutorFactory - << taskConfig executor: null
Apr-27 11:53:05.296 [main] DEBUG nextflow.executor.ExecutorFactory - >> processorType: 'local'
Apr-27 11:53:05.299 [main] DEBUG nextflow.Session - Ignite dataflow network (9)
Apr-27 11:53:05.316 [main] DEBUG nextflow.processor.TaskProcessor - Starting process > illuminaDehosting:generateCompositeReference
Apr-27 11:53:05.316 [PathVisitor-2] DEBUG nextflow.file.PathVisitor - files for syntax: glob; folder: ./; pattern: files**/*_R{1,2}_001.fastq; options: [maxDepth:1]
Apr-27 11:53:05.318 [main] DEBUG nextflow.processor.TaskProcessor - Starting process > illuminaDehosting:indexCompositeReference
Apr-27 11:53:05.323 [main] DEBUG nextflow.processor.TaskProcessor - Starting process > illuminaDehosting:compositeMappingBWA
Apr-27 11:53:05.324 [main] DEBUG nextflow.processor.TaskProcessor - Starting process > illuminaDehosting:dehostBamFiles
Apr-27 11:53:05.329 [main] DEBUG nextflow.processor.TaskProcessor - Starting process > illuminaDehosting:generateDehostedReads
Apr-27 11:53:05.333 [main] DEBUG nextflow.processor.TaskProcessor - Starting process > illuminaDehosting:combineCSVs
Apr-27 11:53:05.333 [main] DEBUG nextflow.script.ScriptRunner - > Await termination 
Apr-27 11:53:05.333 [main] DEBUG nextflow.Session - Session await
Apr-27 11:53:05.379 [PathVisitor-1] DEBUG nextflow.file.PathVisitor - files for syntax: glob; folder: ./; pattern: files**/*_R{1,2}_001.fastq.gz; options: [maxDepth:1, syntax:glob, type:file]
Apr-27 11:53:05.390 [PathVisitor-2] DEBUG nextflow.file.PathVisitor - files for syntax: glob; folder: ./; pattern: files**/*_R{1,2}_001.fq; options: [maxDepth:1, syntax:glob, type:file]
Apr-27 11:53:05.402 [PathVisitor-1] DEBUG nextflow.file.PathVisitor - files for syntax: glob; folder: ./; pattern: files**/*_R{1,2}_001.fq.gz; options: [maxDepth:1, syntax:glob, type:file]
Apr-27 11:53:05.413 [PathVisitor-2] DEBUG nextflow.file.PathVisitor - files for syntax: glob; folder: ./; pattern: files**/*_R{1,2}.fastq; options: [maxDepth:1, syntax:glob, type:file]
Apr-27 11:53:05.425 [PathVisitor-1] DEBUG nextflow.file.PathVisitor - files for syntax: glob; folder: ./; pattern: files**/*_R{1,2}.fastq.gz; options: [maxDepth:1, syntax:glob, type:file]
Apr-27 11:53:05.446 [PathVisitor-2] DEBUG nextflow.file.PathVisitor - files for syntax: glob; folder: ./; pattern: files**/*_R{1,2}.fq; options: [maxDepth:1, syntax:glob, type:file]
Apr-27 11:53:05.462 [PathVisitor-1] DEBUG nextflow.file.PathVisitor - files for syntax: glob; folder: ./; pattern: files**/*_R{1,2}.fq.gz; options: [maxDepth:1, syntax:glob, type:file]
Apr-27 11:53:05.482 [Actor Thread 1] DEBUG nextflow.conda.CondaCache - Conda found local env for environment=/Drives/K/dhole/projects_in_prog/ncov-dehoster/environments/illumina.yml; path=/Drives/W/Projects/covid-19/nml_reads/vdd/darian/resources/test_small_indexes/test-datasets/illumina_fastq/work/conda/illumina-c17698d704a0dc20694092ca45641a1d
Apr-27 11:53:05.486 [PathVisitor-2] DEBUG nextflow.file.PathVisitor - files for syntax: glob; folder: ./; pattern: files**/*_{1,2}.fastq; options: [maxDepth:1, syntax:glob, type:file]
Apr-27 11:53:05.503 [PathVisitor-1] DEBUG nextflow.file.PathVisitor - files for syntax: glob; folder: ./; pattern: files**/*_{1,2}.fastq.gz; options: [maxDepth:1, syntax:glob, type:file]
Apr-27 11:53:05.516 [PathVisitor-2] DEBUG nextflow.file.PathVisitor - files for syntax: glob; folder: ./; pattern: files**/*_{1,2}.fq; options: [maxDepth:1, syntax:glob, type:file]
Apr-27 11:53:05.526 [PathVisitor-1] DEBUG nextflow.file.PathVisitor - files for syntax: glob; folder: ./; pattern: files**/*_{1,2}.fq.gz; options: [maxDepth:1, syntax:glob, type:file]
Apr-27 11:53:05.538 [PathVisitor-2] DEBUG nextflow.file.PathVisitor - files for syntax: glob; folder: ./; pattern: files**/*pair{1,2}.fastq; options: [maxDepth:1, syntax:glob, type:file]
Apr-27 11:53:05.549 [PathVisitor-1] DEBUG nextflow.file.PathVisitor - files for syntax: glob; folder: ./; pattern: files**/*pair{1,2}.fastq.gz; options: [maxDepth:1, syntax:glob, type:file]
Apr-27 11:53:05.557 [Task submitter] DEBUG nextflow.executor.LocalTaskHandler - Launch cmd line: /bin/bash -ue .command.run
Apr-27 11:53:05.565 [Task submitter] INFO  nextflow.Session - [15/ae6a10] Submitted process > illuminaDehosting:generateCompositeReference (1)
Apr-27 11:53:05.569 [PathVisitor-2] DEBUG nextflow.file.PathVisitor - files for syntax: glob; folder: ./; pattern: files**/*pair{1,2}.fq; options: [maxDepth:1, syntax:glob, type:file]
Apr-27 11:53:05.580 [PathVisitor-1] DEBUG nextflow.file.PathVisitor - files for syntax: glob; folder: ./; pattern: files**/*pair{1,2}.fq.gz; options: [maxDepth:1, syntax:glob, type:file]
Apr-27 11:53:06.090 [Task monitor] DEBUG n.processor.TaskPollingMonitor - Task completed > TaskHandler[id: 1; name: illuminaDehosting:generateCompositeReference (1); status: COMPLETED; exit: 0; error: -; workDir: /Drives/W/Projects/covid-19/nml_reads/vdd/darian/resources/test_small_indexes/test-datasets/illumina_fastq/work/15/ae6a10ecf7151f6b1bdea1fc887693]
Apr-27 11:53:06.147 [Task submitter] DEBUG nextflow.executor.LocalTaskHandler - Launch cmd line: /bin/bash -ue .command.run
Apr-27 11:53:06.152 [Task submitter] INFO  nextflow.Session - [31/78466e] Submitted process > illuminaDehosting:indexCompositeReference (1)
Apr-27 11:53:09.627 [Task monitor] DEBUG n.processor.TaskPollingMonitor - Task completed > TaskHandler[id: 2; name: illuminaDehosting:indexCompositeReference (1); status: COMPLETED; exit: 0; error: -; workDir: /Drives/W/Projects/covid-19/nml_reads/vdd/darian/resources/test_small_indexes/test-datasets/illumina_fastq/work/31/78466e25e7ba39fb431ba699ad6e68]
Apr-27 11:53:09.729 [Task submitter] DEBUG nextflow.executor.LocalTaskHandler - Launch cmd line: /bin/bash -ue .command.run
Apr-27 11:53:09.729 [Task submitter] INFO  nextflow.Session - [b0/971486] Submitted process > illuminaDehosting:compositeMappingBWA (1)
Apr-27 11:53:09.746 [Task submitter] DEBUG nextflow.executor.LocalTaskHandler - Launch cmd line: /bin/bash -ue .command.run
Apr-27 11:53:09.749 [Task submitter] INFO  nextflow.Session - [a0/79b89e] Submitted process > illuminaDehosting:compositeMappingBWA (2)
Apr-27 11:53:10.682 [Task monitor] DEBUG n.processor.TaskPollingMonitor - Task completed > TaskHandler[id: 3; name: illuminaDehosting:compositeMappingBWA (1); status: COMPLETED; exit: 0; error: -; workDir: /Drives/W/Projects/covid-19/nml_reads/vdd/darian/resources/test_small_indexes/test-datasets/illumina_fastq/work/b0/9714868a029c0e6f54867625931983]
Apr-27 11:53:10.723 [Task monitor] DEBUG n.util.BlockingThreadExecutorFactory - Thread pool name=FileTransfer; maxThreads=12; maxQueueSize=36; keepAlive=1m
Apr-27 11:53:10.776 [Task monitor] DEBUG n.processor.TaskPollingMonitor - Task completed > TaskHandler[id: 4; name: illuminaDehosting:compositeMappingBWA (2); status: COMPLETED; exit: 0; error: -; workDir: /Drives/W/Projects/covid-19/nml_reads/vdd/darian/resources/test_small_indexes/test-datasets/illumina_fastq/work/a0/79b89e9ebe5f9a4ddf84e78b139dd4]
Apr-27 11:53:10.857 [Task submitter] DEBUG nextflow.executor.LocalTaskHandler - Launch cmd line: /bin/bash -ue .command.run
Apr-27 11:53:10.857 [Task submitter] INFO  nextflow.Session - [8a/d2d833] Submitted process > illuminaDehosting:dehostBamFiles (illumina-4_S12)
Apr-27 11:53:10.875 [Task submitter] DEBUG nextflow.executor.LocalTaskHandler - Launch cmd line: /bin/bash -ue .command.run
Apr-27 11:53:10.875 [Task submitter] INFO  nextflow.Session - [a8/164474] Submitted process > illuminaDehosting:dehostBamFiles (illumina-18_S15)
Apr-27 11:53:13.690 [Task monitor] DEBUG n.processor.TaskPollingMonitor - Task completed > TaskHandler[id: 6; name: illuminaDehosting:dehostBamFiles (illumina-4_S12); status: COMPLETED; exit: 0; error: -; workDir: /Drives/W/Projects/covid-19/nml_reads/vdd/darian/resources/test_small_indexes/test-datasets/illumina_fastq/work/8a/d2d8336d9abd0109104c63644f16c4]
Apr-27 11:53:13.735 [Task submitter] DEBUG nextflow.executor.LocalTaskHandler - Launch cmd line: /bin/bash -ue .command.run
Apr-27 11:53:13.735 [Task submitter] INFO  nextflow.Session - [7e/026df9] Submitted process > illuminaDehosting:generateDehostedReads (illumina-4_S12)
Apr-27 11:53:13.748 [Task monitor] DEBUG n.processor.TaskPollingMonitor - Task completed > TaskHandler[id: 5; name: illuminaDehosting:dehostBamFiles (illumina-18_S15); status: COMPLETED; exit: 0; error: -; workDir: /Drives/W/Projects/covid-19/nml_reads/vdd/darian/resources/test_small_indexes/test-datasets/illumina_fastq/work/a8/164474d261e38ef6130ff8c097e690]
Apr-27 11:53:13.795 [Task submitter] DEBUG nextflow.executor.LocalTaskHandler - Launch cmd line: /bin/bash -ue .command.run
Apr-27 11:53:13.796 [Task submitter] INFO  nextflow.Session - [6c/c8c554] Submitted process > illuminaDehosting:combineCSVs
Apr-27 11:53:14.220 [Task monitor] DEBUG n.processor.TaskPollingMonitor - Task completed > TaskHandler[id: 7; name: illuminaDehosting:generateDehostedReads (illumina-4_S12); status: COMPLETED; exit: 0; error: -; workDir: /Drives/W/Projects/covid-19/nml_reads/vdd/darian/resources/test_small_indexes/test-datasets/illumina_fastq/work/7e/026df9ca4fd360bb0a5b42bc6bd89a]
Apr-27 11:53:14.237 [Task submitter] DEBUG nextflow.executor.LocalTaskHandler - Launch cmd line: /bin/bash -ue .command.run
Apr-27 11:53:14.238 [Task submitter] INFO  nextflow.Session - [9c/55d1e8] Submitted process > illuminaDehosting:generateDehostedReads (illumina-18_S15)
Apr-27 11:53:14.719 [Task monitor] DEBUG n.processor.TaskPollingMonitor - Task completed > TaskHandler[id: 8; name: illuminaDehosting:generateDehostedReads (illumina-18_S15); status: COMPLETED; exit: 0; error: -; workDir: /Drives/W/Projects/covid-19/nml_reads/vdd/darian/resources/test_small_indexes/test-datasets/illumina_fastq/work/9c/55d1e8afd30773ecd674b128ace71d]
Apr-27 11:53:17.248 [Task monitor] DEBUG n.processor.TaskPollingMonitor - Task completed > TaskHandler[id: 9; name: illuminaDehosting:combineCSVs; status: COMPLETED; exit: 0; error: -; workDir: /Drives/W/Projects/covid-19/nml_reads/vdd/darian/resources/test_small_indexes/test-datasets/illumina_fastq/work/6c/c8c55441581b2d7f0dfec5b95a4261]
Apr-27 11:53:17.254 [main] DEBUG nextflow.Session - Session await > all process finished
Apr-27 11:53:17.258 [main] DEBUG nextflow.Session - Session await > all barriers passed
Apr-27 11:53:17.281 [main] DEBUG nextflow.trace.WorkflowStatsObserver - Workflow completed > WorkflowStats[succeededCount=9; failedCount=0; ignoredCount=0; cachedCount=0; pendingCount=0; submittedCount=0; runningCount=0; retriesCount=0; abortedCount=0; succeedDuration=15.5s; failedDuration=0ms; cachedDuration=0ms;loadCpus=0; loadMemory=0; peakRunning=2; peakCpus=2; peakMemory=12 GB; ]
Apr-27 11:53:17.433 [main] DEBUG nextflow.CacheDB - Closing CacheDB done
Apr-27 11:53:17.462 [main] DEBUG nextflow.script.ScriptRunner - > Execution complete -- Goodbye
